<?xml version="1.0" encoding="UTF-8"?>
<testsuite xmlns:xsi="http://www.w3.org/2001/XMLSchema-instance" xsi:noNamespaceSchemaLocation="https://maven.apache.org/surefire/maven-surefire-plugin/xsd/surefire-test-report-3.0.xsd" version="3.0" name="Rest.Auto.TestRunner" time="6.5" tests="3" errors="0" skipped="0" failures="1">
  <properties>
[...]
</properties>
  <testcase name="Validate if the AddPlaces API is executed successfully" classname="Validate AddPlaces Api response" time="3.544">
    <failure message="1 expectation failed.&#10;Expected status code &lt;200&gt; but was &lt;429&gt;.&#10;" type="java.lang.AssertionError"><![CDATA[java.lang.AssertionError: 
1 expectation failed.
Expected status code <200> but was <429>.

	at java.base/jdk.internal.reflect.NativeConstructorAccessorImpl.newInstance0(Native Method)
	at java.base/jdk.internal.reflect.NativeConstructorAccessorImpl.newInstance(NativeConstructorAccessorImpl.java:62)
	at java.base/jdk.internal.reflect.DelegatingConstructorAccessorImpl.newInstance(DelegatingConstructorAccessorImpl.java:45)
	at java.base/java.lang.reflect.Constructor.newInstanceWithCaller(Constructor.java:500)
	at java.base/java.lang.reflect.Constructor.newInstance(Constructor.java:481)
	at org.codehaus.groovy.reflection.CachedConstructor.invoke(CachedConstructor.java:73)
	at org.codehaus.groovy.reflection.CachedConstructor.doConstructorInvoke(CachedConstructor.java:60)
	at org.codehaus.groovy.runtime.callsite.ConstructorSite$ConstructorSiteNoUnwrap.callConstructor(ConstructorSite.java:86)
	at org.codehaus.groovy.runtime.callsite.CallSiteArray.defaultCallConstructor(CallSiteArray.java:57)
	at org.codehaus.groovy.runtime.callsite.AbstractCallSite.callConstructor(AbstractCallSite.java:263)
	at org.codehaus.groovy.runtime.callsite.AbstractCallSite.callConstructor(AbstractCallSite.java:277)
	at io.restassured.internal.ResponseSpecificationImpl$HamcrestAssertionClosure.validate(ResponseSpecificationImpl.groovy:512)
	at io.restassured.internal.ResponseSpecificationImpl$HamcrestAssertionClosure$validate$1.call(Unknown Source)
	at org.codehaus.groovy.runtime.callsite.CallSiteArray.defaultCall(CallSiteArray.java:45)
	at org.codehaus.groovy.runtime.callsite.AbstractCallSite.call(AbstractCallSite.java:125)
	at org.codehaus.groovy.runtime.callsite.AbstractCallSite.call(AbstractCallSite.java:139)
	at io.restassured.internal.ResponseSpecificationImpl.validateResponseIfRequired(ResponseSpecificationImpl.groovy:696)
	at io.restassured.internal.ResponseSpecificationImpl.this$2$validateResponseIfRequired(ResponseSpecificationImpl.groovy)
	at java.base/jdk.internal.reflect.NativeMethodAccessorImpl.invoke0(Native Method)
	at java.base/jdk.internal.reflect.NativeMethodAccessorImpl.invoke(NativeMethodAccessorImpl.java:62)
	at java.base/jdk.internal.reflect.DelegatingMethodAccessorImpl.invoke(DelegatingMethodAccessorImpl.java:43)
	at java.base/java.lang.reflect.Method.invoke(Method.java:564)
	at org.codehaus.groovy.runtime.callsite.PlainObjectMetaMethodSite.doInvoke(PlainObjectMetaMethodSite.java:43)
	at org.codehaus.groovy.runtime.callsite.PogoMetaMethodSite$PogoCachedMethodSiteNoUnwrapNoCoerce.invoke(PogoMetaMethodSite.java:198)
	at org.codehaus.groovy.runtime.callsite.PogoMetaMethodSite.callCurrent(PogoMetaMethodSite.java:62)
	at org.codehaus.groovy.runtime.callsite.CallSiteArray.defaultCallCurrent(CallSiteArray.java:49)
	at org.codehaus.groovy.runtime.callsite.AbstractCallSite.callCurrent(AbstractCallSite.java:171)
	at org.codehaus.groovy.runtime.callsite.AbstractCallSite.callCurrent(AbstractCallSite.java:185)
	at io.restassured.internal.ResponseSpecificationImpl.statusCode(ResponseSpecificationImpl.groovy:135)
	at io.restassured.specification.ResponseSpecification$statusCode$0.callCurrent(Unknown Source)
	at org.codehaus.groovy.runtime.callsite.CallSiteArray.defaultCallCurrent(CallSiteArray.java:49)
	at org.codehaus.groovy.runtime.callsite.AbstractCallSite.callCurrent(AbstractCallSite.java:171)
	at org.codehaus.groovy.runtime.callsite.AbstractCallSite.callCurrent(AbstractCallSite.java:185)
	at io.restassured.internal.ResponseSpecificationImpl.statusCode(ResponseSpecificationImpl.groovy:143)
	at io.restassured.internal.ValidatableResponseOptionsImpl.statusCode(ValidatableResponseOptionsImpl.java:89)
	at stepDefinations.AddvaluesstepDef.access_the_api_url(AddvaluesstepDef.java:19)
	at ✽.Access the API url(classpath:Rest/Auto/Addvalues.feature:5)
]]></failure>
    <system-out><![CDATA[
@Regression
Scenario: Validate if the AddPlaces API is executed successfully &amp#27;[90m# Rest/Auto/Addvalues.feature:4&amp#27;[0m
Request method:	GET
Request URI:	https://dummy.restapiexample.com/api/v1/employees
Proxy:			<none>
Request params:	<none>
Query params:	<none>
Form params:	<none>
Path params:	<none>
Headers:		Accept=*/*
Cookies:		<none>
Multiparts:		<none>
Body:			<none>
HTTP/1.1 429 Too Many Requests
Date: Thu, 13 Jul 2023 00:06:56 GMT
Server: nginx/1.21.6
Content-Type: text/html; charset=UTF-8
Content-Length: 595
X-RateLimit-Limit: 60
X-RateLimit-Remaining: 57
retry-after: 40
x-ratelimit-reset: 1689206857
Cache-Control: no-cache, private
Vary: Accept-Encoding
Content-Encoding: gzip
host-header: c2hhcmVkLmJsdWVob3N0LmNvbQ==
X-Endurance-Cache-Level: 2
X-nginx-cache: WordPress

<html lang="en">
  <head>
    <meta charset="utf-8"/>
    <meta name="viewport" content="width=device-width, initial-scale=1"/>
    <title>Too Many Requests</title>
    <link rel="dns-prefetch" href="//fonts.gstatic.com"/>
    <link href="https://fonts.googleapis.com/css?family=Nunito" rel="stylesheet"/>
    <style>
            html, body {
                background-color: #fff;
                color: #636b6f;
                font-family: 'Nunito', sans-serif;
                font-weight: 100;
                height: 100vh;
                margin: 0;
            }

            .full-height {
                height: 100vh;
            }

            .flex-center {
                align-items: center;
                display: flex;
                justify-content: center;
            }

            .position-ref {
                position: relative;
            }

            .code {
                border-right: 2px solid;
                font-size: 26px;
                padding: 0 15px 0 15px;
                text-align: center;
            }

            .message {
                font-size: 18px;
                text-align: center;
            }
        </style>
  </head>
  <body>
    <div class="flex-center position-ref full-height">
      <div class="code">
                429            </div>
      <div class="message" style="padding: 10px;">
                Too Many Requests            </div>
    </div>
  </body>
</html>
  &amp#27;[31mGiven &amp#27;[0m&amp#27;[31mAccess the API url&amp#27;[0m                                       &amp#27;[90m# stepDefinations.AddvaluesstepDef.access_the_api_url()&amp#27;[0m
      &amp#27;[31mjava.lang.AssertionError: 1 expectation failed.
Expected status code <200> but was <429>.

	at java.base/jdk.internal.reflect.NativeConstructorAccessorImpl.newInstance0(Native Method)
	at java.base/jdk.internal.reflect.NativeConstructorAccessorImpl.newInstance(NativeConstructorAccessorImpl.java:62)
	at java.base/jdk.internal.reflect.DelegatingConstructorAccessorImpl.newInstance(DelegatingConstructorAccessorImpl.java:45)
	at java.base/java.lang.reflect.Constructor.newInstanceWithCaller(Constructor.java:500)
	at java.base/java.lang.reflect.Constructor.newInstance(Constructor.java:481)
	at org.codehaus.groovy.reflection.CachedConstructor.invoke(CachedConstructor.java:73)
	at org.codehaus.groovy.reflection.CachedConstructor.doConstructorInvoke(CachedConstructor.java:60)
	at org.codehaus.groovy.runtime.callsite.ConstructorSite$ConstructorSiteNoUnwrap.callConstructor(ConstructorSite.java:86)
	at org.codehaus.groovy.runtime.callsite.CallSiteArray.defaultCallConstructor(CallSiteArray.java:57)
	at org.codehaus.groovy.runtime.callsite.AbstractCallSite.callConstructor(AbstractCallSite.java:263)
	at org.codehaus.groovy.runtime.callsite.AbstractCallSite.callConstructor(AbstractCallSite.java:277)
	at io.restassured.internal.ResponseSpecificationImpl$HamcrestAssertionClosure.validate(ResponseSpecificationImpl.groovy:512)
	at io.restassured.internal.ResponseSpecificationImpl$HamcrestAssertionClosure$validate$1.call(Unknown Source)
	at org.codehaus.groovy.runtime.callsite.CallSiteArray.defaultCall(CallSiteArray.java:45)
	at org.codehaus.groovy.runtime.callsite.AbstractCallSite.call(AbstractCallSite.java:125)
	at org.codehaus.groovy.runtime.callsite.AbstractCallSite.call(AbstractCallSite.java:139)
	at io.restassured.internal.ResponseSpecificationImpl.validateResponseIfRequired(ResponseSpecificationImpl.groovy:696)
	at io.restassured.internal.ResponseSpecificationImpl.this$2$validateResponseIfRequired(ResponseSpecificationImpl.groovy)
	at java.base/jdk.internal.reflect.NativeMethodAccessorImpl.invoke0(Native Method)
	at java.base/jdk.internal.reflect.NativeMethodAccessorImpl.invoke(NativeMethodAccessorImpl.java:62)
	at java.base/jdk.internal.reflect.DelegatingMethodAccessorImpl.invoke(DelegatingMethodAccessorImpl.java:43)
	at java.base/java.lang.reflect.Method.invoke(Method.java:564)
	at org.codehaus.groovy.runtime.callsite.PlainObjectMetaMethodSite.doInvoke(PlainObjectMetaMethodSite.java:43)
	at org.codehaus.groovy.runtime.callsite.PogoMetaMethodSite$PogoCachedMethodSiteNoUnwrapNoCoerce.invoke(PogoMetaMethodSite.java:198)
	at org.codehaus.groovy.runtime.callsite.PogoMetaMethodSite.callCurrent(PogoMetaMethodSite.java:62)
	at org.codehaus.groovy.runtime.callsite.CallSiteArray.defaultCallCurrent(CallSiteArray.java:49)
	at org.codehaus.groovy.runtime.callsite.AbstractCallSite.callCurrent(AbstractCallSite.java:171)
	at org.codehaus.groovy.runtime.callsite.AbstractCallSite.callCurrent(AbstractCallSite.java:185)
	at io.restassured.internal.ResponseSpecificationImpl.statusCode(ResponseSpecificationImpl.groovy:135)
	at io.restassured.specification.ResponseSpecification$statusCode$0.callCurrent(Unknown Source)
	at org.codehaus.groovy.runtime.callsite.CallSiteArray.defaultCallCurrent(CallSiteArray.java:49)
	at org.codehaus.groovy.runtime.callsite.AbstractCallSite.callCurrent(AbstractCallSite.java:171)
	at org.codehaus.groovy.runtime.callsite.AbstractCallSite.callCurrent(AbstractCallSite.java:185)
	at io.restassured.internal.ResponseSpecificationImpl.statusCode(ResponseSpecificationImpl.groovy:143)
	at io.restassured.internal.ValidatableResponseOptionsImpl.statusCode(ValidatableResponseOptionsImpl.java:89)
	at stepDefinations.AddvaluesstepDef.access_the_api_url(AddvaluesstepDef.java:19)
	at âœ½.Access the API url(classpath:Rest/Auto/Addvalues.feature:5)
&amp#27;[0m
  &amp#27;[36mThen &amp#27;[0m&amp#27;[36mAdd the user information to the API&amp#27;[0m                       &amp#27;[90m# stepDefinations.AddvaluesstepDef.add_the_user_information_to_the_api()&amp#27;[0m
  &amp#27;[36mThen &amp#27;[0m&amp#27;[36mvalidate if the API response is successfull&amp#27;[0m               &amp#27;[90m# stepDefinations.AddvaluesstepDef.validate_if_the_api_response_is_successfull()&amp#27;[0m
  &amp#27;[36mThen &amp#27;[0m&amp#27;[36mvalidate the salary&amp#27;[0m                                       &amp#27;[90m# stepDefinations.AddvaluesstepDef.validate_the_salary()&amp#27;[0m
]]></system-out>
    <system-err><![CDATA[SLF4J: Failed to load class "org.slf4j.impl.StaticLoggerBinder".
SLF4J: Defaulting to no-operation (NOP) logger implementation
SLF4J: See http://www.slf4j.org/codes.html#StaticLoggerBinder for further details.
]]></system-err>
  </testcase>
  <testcase name="Access the Excel file and read the column values" classname="Load Excel file columns" time="1.406">
    <system-out><![CDATA[
@Exceltest
Scenario: Access the Excel file and read the column values &amp#27;[90m# Rest/Auto/LoadExcelFile.feature:6&amp#27;[0m
if case
Emp id is 1.0
Employee name is Ankit
Emp salary is 200000.0
Emp age is 34.0
Emp id is 2.0
Employee name is Sonia
Emp salary is 300000.0
Emp age is 32.0
Emp id is 3.0
Employee name is Arun
Emp salary is 400000.0
Emp age is 33.0
Emp id is 4.0
Employee name is Juganu
Emp salary is 300000.0
Emp age is 35.0
Emp id is 5.0
Employee name is Ramesh
Emp salary is 500000.0
Emp age is 50.0
  &amp#27;[32mGiven &amp#27;[0m&amp#27;[32mUser access the excel file column values&amp#27;[0m           &amp#27;[90m# stepDefinations.LoadExcelFilestepDef.user_access_the_excel_file_column_values()&amp#27;[0m
]]></system-out>
    <system-err><![CDATA[ERROR StatusLogger Log4j2 could not find a logging implementation. Please add log4j-core to the classpath. Using SimpleLogger to log to the console...
]]></system-err>
  </testcase>
  <testcase name="Nested API" classname="Test nested API example" time="0.513">
    <system-out><![CDATA[
@NestedAPI
Scenario: Nested API      &amp#27;[90m# Rest/Auto/NestedAPI.feature:6&amp#27;[0m
Request method:	GET
Request URI:	https://www.gov.uk/bank-holidays.json
Proxy:			<none>
Request params:	<none>
Query params:	<none>
Form params:	<none>
Path params:	<none>
Headers:		Accept=*/*
Cookies:		<none>
Multiparts:		<none>
Body:			<none>
England false Events ----Good Friday----false

    England false Events ----Good Friday----false

England false Events ----Good Friday----false

    England false Events ----Good Friday----false

England false Events ----Good Friday----false

    England false Events ----Good Friday----false

England false Events ----Easter Monday----false

    England false Events ----Easter Monday----false

England false Events ----Good Friday----false

    England false Events ----Good Friday----false

England false Events ----Good Friday----false

    England false Events ----Good Friday----false

England false Events ----Bank Holiday for the State Funeral of Queen Elizabeth II----false

    England false Events ----Bank Holiday for the State Funeral of Queen Elizabeth II----false

England false Events ----Good Friday----false

    England false Events ----Good Friday----false

England false Events ----Good Friday----false

    England false Events ----Good Friday----false

England false Events ----Good Friday----false

    England false Events ----Good Friday----false

------------------------------------------------
England false event ----10
------------------------------------------------
Scotland false Events ----Good Friday----false

    Scotland false Events ----Good Friday----false

Scotland false Events ----Good Friday----false

    Scotland false Events ----Good Friday----false

Scotland false Events ----Good Friday----false

    Scotland false Events ----Good Friday----false

Scotland false Events ----Good Friday----false

    Scotland false Events ----Good Friday----false

Scotland false Events ----Good Friday----false

    Scotland false Events ----Good Friday----false

Scotland false Events ----Bank Holiday for the State Funeral of Queen Elizabeth II----false

    Scotland false Events ----Bank Holiday for the State Funeral of Queen Elizabeth II----false

Scotland false Events ----Good Friday----false

    Scotland false Events ----Good Friday----false

Scotland false Events ----Good Friday----false

    Scotland false Events ----Good Friday----false

Scotland false Events ----Good Friday----false

    Scotland false Events ----Good Friday----false

------------------------------------------------
Scotland false event ----9
------------------------------------------------
Ireland false Events ----Good Friday----false

    Ireland false Events ----Good Friday----false

Ireland false Events ----Battle of the Boyne (Orangemen’s Day)----false

    Ireland false Events ----Battle of the Boyne (Orangemenâ€™s Day)----false

Ireland false Events ----Good Friday----false

    Ireland false Events ----Good Friday----false

Ireland false Events ----Battle of the Boyne (Orangemen’s Day)----false

    Ireland false Events ----Battle of the Boyne (Orangemenâ€™s Day)----false

Ireland false Events ----Good Friday----false

    Ireland false Events ----Good Friday----false

Ireland false Events ----Easter Monday----false

    Ireland false Events ----Easter Monday----false

Ireland false Events ----Battle of the Boyne (Orangemen’s Day)----false

    Ireland false Events ----Battle of the Boyne (Orangemenâ€™s Day)----false

Ireland false Events ----Good Friday----false

    Ireland false Events ----Good Friday----false

Ireland false Events ----Battle of the Boyne (Orangemen’s Day)----false

    Ireland false Events ----Battle of the Boyne (Orangemenâ€™s Day)----false

Ireland false Events ----Good Friday----false

    Ireland false Events ----Good Friday----false

Ireland false Events ----Battle of the Boyne (Orangemen’s Day)----false

    Ireland false Events ----Battle of the Boyne (Orangemenâ€™s Day)----false

Ireland false Events ----Bank Holiday for the State Funeral of Queen Elizabeth II----false

    Ireland false Events ----Bank Holiday for the State Funeral of Queen Elizabeth II----false

Ireland false Events ----Good Friday----false

    Ireland false Events ----Good Friday----false

Ireland false Events ----Battle of the Boyne (Orangemen’s Day)----false

    Ireland false Events ----Battle of the Boyne (Orangemenâ€™s Day)----false

Ireland false Events ----Good Friday----false

    Ireland false Events ----Good Friday----false

Ireland false Events ----Battle of the Boyne (Orangemen’s Day)----false

    Ireland false Events ----Battle of the Boyne (Orangemenâ€™s Day)----false

Ireland false Events ----Good Friday----false

    Ireland false Events ----Good Friday----false

Ireland false Events ----Battle of the Boyne (Orangemen’s Day)----false

    Ireland false Events ----Battle of the Boyne (Orangemenâ€™s Day)----false

------------------------------------------------
Ireland false event ----18
  &amp#27;[32mGiven &amp#27;[0m&amp#27;[32mVerify nested API&amp#27;[0m &amp#27;[90m# stepDefinations.NestedAPIstepDef.verify_nested_api()&amp#27;[0m
]]></system-out>
  </testcase>
</testsuite>