<?xml version="1.0" encoding="UTF-8"?>
<testsuite xmlns:xsi="http://www.w3.org/2001/XMLSchema-instance" xsi:noNamespaceSchemaLocation="https://maven.apache.org/surefire/maven-surefire-plugin/xsd/surefire-test-report-3.0.xsd" version="3.0" name="Rest.Auto.TestRunner" time="1.335" tests="1" errors="0" skipped="0" failures="0">
  <properties>
[...]
</properties>
  <testcase name="Practice tasks" classname="tasks for interview practice" time="0.19">
    <system-out><![CDATA[
@InterviewTasks
Scenario: Practice tasks                        &amp#27;[90m# Rest/Auto/InterviewTasks.feature:12&amp#27;[0m
222
542
  &amp#27;[32mGiven &amp#27;[0m&amp#27;[32mfind second largest integer&amp#27;[0m             &amp#27;[90m# stepDefinations.InterviewTaskstepDef.find_second_largest_integer()&amp#27;[0m
Coding is fun
gnidoC si nuf 
  &amp#27;[32mGiven &amp#27;[0m&amp#27;[32mReverse a String without changing order&amp#27;[0m &amp#27;[90m# stepDefinations.InterviewTaskstepDef.reverse_a_string_without_changing_order()&amp#27;[0m
  &amp#27;[32mGiven &amp#27;[0m&amp#27;[32mIdentify Palindrome Number&amp#27;[0m              &amp#27;[90m# stepDefinations.InterviewTaskstepDef.identify_palindrome_number()&amp#27;[0m
  &amp#27;[32mGiven &amp#27;[0m&amp#27;[32mIdentify Palindrome String&amp#27;[0m              &amp#27;[90m# stepDefinations.InterviewTaskstepDef.identify_palindrome_string()&amp#27;[0m
]]></system-out>
  </testcase>
</testsuite>